0 verbose cli E:\node.js\node.js2\node.exe E:\node.js\node.js2\node_modules\npm\bin\npm-cli.js
1 info using npm@10.8.2
2 info using node@v20.18.0
3 silly config load:file:E:\node.js\node.js2\node_modules\npm\npmrc
4 silly config load:file:C:\Users\20173\Desktop\graduation design\person\.npmrc
5 silly config load:file:C:\Users\20173\.npmrc
6 silly config load:file:E:\node.js\node.js2\node_global\etc\npmrc
7 verbose title npm exec uni-app build --type mp-weixin
8 verbose argv "exec" "--" "uni-app" "build" "--type" "mp-weixin"
9 verbose logfile logs-max:10 dir:C:\Users\20173\Desktop\graduation design\person\.npm_cache\_logs\2026-03-26T07_13_48_421Z-
10 verbose logfile C:\Users\20173\Desktop\graduation design\person\.npm_cache\_logs\2026-03-26T07_13_48_421Z-debug-0.log
11 silly logfile done cleaning log files
12 silly packumentCache heap:2197815296 maxSize:549453824 maxEntrySize:274726912
13 http fetch GET 404 https://registry.npmjs.org/uni-app 13359ms (cache skip)
14 http fetch GET 404 https://registry.npmjs.org/uni-app 659ms (cache skip)
15 verbose stack HttpErrorGeneral: 404 Not Found - GET https://registry.npmjs.org/uni-app - Not found
15 verbose stack     at E:\node.js\node.js2\node_modules\npm\node_modules\npm-registry-fetch\lib\check-response.js:95:15
15 verbose stack     at process.processTicksAndRejections (node:internal/process/task_queues:95:5)
15 verbose stack     at async RegistryFetcher.packument (E:\node.js\node.js2\node_modules\npm\node_modules\pacote\lib\registry.js:90:19)
15 verbose stack     at async RegistryFetcher.manifest (E:\node.js\node.js2\node_modules\npm\node_modules\pacote\lib\registry.js:128:23)
15 verbose stack     at async getManifest (E:\node.js\node.js2\node_modules\npm\node_modules\libnpmexec\lib\index.js:27:22)
15 verbose stack     at async missingFromTree (E:\node.js\node.js2\node_modules\npm\node_modules\libnpmexec\lib\index.js:60:22)
15 verbose stack     at async E:\node.js\node.js2\node_modules\npm\node_modules\libnpmexec\lib\index.js:182:32
15 verbose stack     at async Promise.all (index 0)
15 verbose stack     at async exec (E:\node.js\node.js2\node_modules\npm\node_modules\libnpmexec\lib\index.js:180:3)
15 verbose stack     at async Npm.exec (E:\node.js\node.js2\node_modules\npm\lib\npm.js:207:9)
16 verbose statusCode 404
17 verbose pkgid uni-app@*
18 error code E404
19 error 404 Not Found - GET https://registry.npmjs.org/uni-app - Not found
20 error 404
21 error 404  'uni-app@*' is not in this registry.
22 error 404
23 error 404 Note that you can also install from a
24 error 404 tarball, folder, http url, or git url.
25 verbose cwd C:\Users\20173\Desktop\graduation design\person
26 verbose os Windows_NT 10.0.22631
27 verbose node v20.18.0
28 verbose npm  v10.8.2
29 verbose exit 1
30 verbose code 1
31 error A complete log of this run can be found in: C:\Users\20173\Desktop\graduation design\person\.npm_cache\_logs\2026-03-26T07_13_48_421Z-debug-0.log
