0 verbose cli E:\HBuilderX.4.29.2024093009\HBuilderX\plugins\node\node.exe E:\HBuilderX.4.29.2024093009\HBuilderX\plugins\npm\node_modules\npm\bin\npm-cli.js
1 info using npm@10.5.0
2 info using node@v18.20.0
3 timing npm:load:whichnode Completed in 2ms
4 timing config:load:defaults Completed in 2ms
5 timing config:load:file:E:\HBuilderX.4.29.2024093009\HBuilderX\plugins\npm\node_modules\npm\npmrc Completed in 2ms
6 timing config:load:builtin Completed in 2ms
7 timing config:load:cli Completed in 1ms
8 timing config:load:env Completed in 0ms
9 timing config:load:file:C:\Users\20173\Desktop\graduation design\person\uni_modules\uni-id-common\uniCloud\cloudfunctions\common\uni-id-common\.npmrc Completed in 0ms
10 timing config:load:project Completed in 4ms
11 timing config:load:file:C:\Users\20173\.npmrc Completed in 1ms
12 timing config:load:user Completed in 1ms
13 timing config:load:file:E:\node.js\node.js2\node_global\etc\npmrc Completed in 0ms
14 timing config:load:global Completed in 1ms
15 timing config:load:setEnvs Completed in 0ms
16 timing config:load Completed in 12ms
17 timing npm:load:configload Completed in 12ms
18 timing config:load:flatten Completed in 2ms
19 timing npm:load:mkdirpcache Completed in 1ms
20 timing npm:load:mkdirplogs Completed in 0ms
21 verbose title npm ls
22 verbose argv "ls"
23 timing npm:load:setTitle Completed in 1ms
24 timing npm:load:display Completed in 0ms
25 verbose logfile logs-max:10 dir:C:\Users\20173\Desktop\graduation design\person\.npm_cache\_logs\2026-04-05T12_29_48_567Z-
26 verbose logfile C:\Users\20173\Desktop\graduation design\person\.npm_cache\_logs\2026-04-05T12_29_48_567Z-debug-0.log
27 timing npm:load:logFile Completed in 8ms
28 timing npm:load:timers Completed in 0ms
29 timing npm:load:configScope Completed in 0ms
30 timing npm:load Completed in 49ms
31 timing arborist:ctor Completed in 1ms
32 silly logfile start cleaning logs, removing 3 files
33 silly logfile error removing log file C:\Users\20173\Desktop\graduation design\person\.npm_cache\_logs\2026-04-05T12_29_45_058Z-debug-0.log [Error: EPERM: operation not permitted, lstat 'C:\Users\20173\Desktop\graduation design\person\.npm_cache\_logs\2026-04-05T12_29_45_058Z-debug-0.log'] {
33 silly logfile   errno: -4048,
33 silly logfile   code: 'EPERM',
33 silly logfile   syscall: 'lstat',
33 silly logfile   path: 'C:\\Users\\20173\\Desktop\\graduation design\\person\\.npm_cache\\_logs\\2026-04-05T12_29_45_058Z-debug-0.log'
33 silly logfile }
34 timing command:ls Completed in 192ms
35 verbose stack Error: missing: uni-config-center@file:../../../../../uni-config-center/uniCloud/cloudfunctions/common/uni-config-center, required by uni-id-common@1.0.19
35 verbose stack     at LS.exec (E:\HBuilderX.4.29.2024093009\HBuilderX\plugins\npm\node_modules\npm\lib\commands\ls.js:203:9)
35 verbose stack     at async module.exports (E:\HBuilderX.4.29.2024093009\HBuilderX\plugins\npm\node_modules\npm\lib\cli-entry.js:61:5)
36 verbose cwd C:\Users\20173\Desktop\graduation design\person\uni_modules\uni-id-common\uniCloud\cloudfunctions\common\uni-id-common
37 verbose Windows_NT 10.0.26200
38 verbose node v18.20.0
39 verbose npm  v10.5.0
40 error code ELSPROBLEMS
41 error missing: uni-config-center@file:../../../../../uni-config-center/uniCloud/cloudfunctions/common/uni-config-center, required by uni-id-common@1.0.19
42 verbose exit 1
43 timing npm Completed in 290ms
44 verbose code 1
45 error A complete log of this run can be found in: C:\Users\20173\Desktop\graduation design\person\.npm_cache\_logs\2026-04-05T12_29_48_567Z-debug-0.log
