0 verbose cli E:\HBuilderX.4.29.2024093009\HBuilderX\plugins\node\node.exe E:\HBuilderX.4.29.2024093009\HBuilderX\plugins\npm\node_modules\npm\bin\npm-cli.js
1 info using npm@10.5.0
2 info using node@v18.20.0
3 timing npm:load:whichnode Completed in 2ms
4 timing config:load:defaults Completed in 2ms
5 timing config:load:file:E:\HBuilderX.4.29.2024093009\HBuilderX\plugins\npm\node_modules\npm\npmrc Completed in 0ms
6 timing config:load:builtin Completed in 0ms
7 timing config:load:cli Completed in 4ms
8 timing config:load:env Completed in 1ms
9 timing config:load:file:C:\Users\20173\Desktop\graduation design\person\uni_modules\uni-config-center\uniCloud\cloudfunctions\common\uni-config-center\.npmrc Completed in 0ms
10 timing config:load:project Completed in 3ms
11 timing config:load:file:C:\Users\20173\.npmrc Completed in 1ms
12 timing config:load:user Completed in 1ms
13 timing config:load:file:E:\node.js\node.js2\node_global\etc\npmrc Completed in 0ms
14 timing config:load:global Completed in 0ms
15 timing config:load:setEnvs Completed in 1ms
16 timing config:load Completed in 14ms
17 timing npm:load:configload Completed in 14ms
18 timing config:load:flatten Completed in 2ms
19 timing npm:load:mkdirpcache Completed in 1ms
20 timing npm:load:mkdirplogs Completed in 0ms
21 verbose title npm ls
22 verbose argv "ls"
23 timing npm:load:setTitle Completed in 1ms
24 timing npm:load:display Completed in 1ms
25 verbose logfile logs-max:10 dir:C:\Users\20173\Desktop\graduation design\person\.npm_cache\_logs\2026-03-26T10_39_11_909Z-
26 verbose logfile C:\Users\20173\Desktop\graduation design\person\.npm_cache\_logs\2026-03-26T10_39_11_909Z-debug-0.log
27 timing npm:load:logFile Completed in 12ms
28 timing npm:load:timers Completed in 0ms
29 timing npm:load:configScope Completed in 0ms
30 timing npm:load Completed in 96ms
31 timing arborist:ctor Completed in 0ms
32 silly logfile done cleaning log files
33 timing command:ls Completed in 7206ms
34 verbose exit 0
35 timing npm Completed in 8475ms
36 info ok
