0 verbose cli E:\node.js\node.js2\node.exe E:\node.js\node.js2\node_modules\npm\bin\npm-cli.js
1 info using npm@10.8.2
2 info using node@v20.18.0
3 silly config load:file:E:\node.js\node.js2\node_modules\npm\npmrc
4 silly config load:file:C:\Users\20173\AppData\Local\Microsoft\TypeScript\5.9\.npmrc
5 silly config load:file:C:\Users\20173\.npmrc
6 silly config load:file:E:\node.js\node.js2\node_global\etc\npmrc
7 verbose title npm install types-registry@latest
8 verbose argv "install" "--ignore-scripts" "types-registry@latest"
9 verbose logfile logs-max:10 dir:C:\Users\20173\Desktop\graduation design\person\.npm_cache\_logs\2026-03-28T03_04_47_201Z-
10 verbose logfile C:\Users\20173\Desktop\graduation design\person\.npm_cache\_logs\2026-03-28T03_04_47_201Z-debug-0.log
11 silly packumentCache heap:2197815296 maxSize:549453824 maxEntrySize:274726912
12 silly logfile start cleaning logs, removing 1 files
13 silly logfile done cleaning log files
14 silly packumentCache corgi:https://registry.npmmirror.com/types-registry cache-miss
15 http fetch GET 200 https://registry.npmmirror.com/types-registry 289ms (cache miss)
16 silly packumentCache corgi:https://registry.npmmirror.com/types-registry set size:153656 disposed:false
17 silly idealTree buildDeps
18 silly fetch manifest types-registry@0.1.762
19 silly packumentCache full:https://registry.npmmirror.com/types-registry cache-miss
20 http fetch GET 200 https://registry.npmmirror.com/types-registry 60ms (cache revalidated)
21 silly packumentCache full:https://registry.npmmirror.com/types-registry set size:1233135 disposed:false
22 silly placeDep ROOT types-registry@0.1.762 OK for:  want: 0.1.762
23 silly reify moves {}
24 silly audit bulk request { 'types-registry': [ '0.1.762' ] }
25 http fetch POST 404 https://registry.npmmirror.com/-/npm/v1/security/advisories/bulk 23ms
26 silly audit bulk request failed [object Object]
27 http fetch POST 404 https://registry.npmmirror.com/-/npm/v1/security/audits/quick 12ms
28 verbose audit error HttpErrorGeneral: 404 Not Found - POST https://registry.npmmirror.com/-/npm/v1/security/audits/quick - [NOT_IMPLEMENTED] /-/npm/v1/security/* not implemented yet
28 verbose audit error     at E:\node.js\node.js2\node_modules\npm\node_modules\npm-registry-fetch\lib\check-response.js:95:15
28 verbose audit error     at process.processTicksAndRejections (node:internal/process/task_queues:95:5)
28 verbose audit error     at async [getReport] (E:\node.js\node.js2\node_modules\npm\node_modules\@npmcli\arborist\lib\audit-report.js:336:21)
28 verbose audit error     at async AuditReport.run (E:\node.js\node.js2\node_modules\npm\node_modules\@npmcli\arborist\lib\audit-report.js:106:19) {
28 verbose audit error   headers: [Object: null prototype] {
28 verbose audit error     server: [ 'Tengine' ],
28 verbose audit error     date: [ 'Sat, 28 Mar 2026 03:05:03 GMT' ],
28 verbose audit error     'content-type': [ 'application/json' ],
28 verbose audit error     'transfer-encoding': [ 'chunked' ],
28 verbose audit error     connection: [ 'keep-alive' ],
28 verbose audit error     'strict-transport-security': [ 'max-age=5184000' ],
28 verbose audit error     via: [ 'kunlun12.cn7728[,404666]' ],
28 verbose audit error     'timing-allow-origin': [ '*' ],
28 verbose audit error     eagleid: [ '7030a39417746671035644235e' ],
28 verbose audit error     'x-fetch-attempts': [ '1' ]
28 verbose audit error   },
28 verbose audit error   statusCode: 404,
28 verbose audit error   code: 'E404',
28 verbose audit error   method: 'POST',
28 verbose audit error   uri: 'https://registry.npmmirror.com/-/npm/v1/security/audits/quick',
28 verbose audit error   body: {
28 verbose audit error     error: '[NOT_IMPLEMENTED] /-/npm/v1/security/* not implemented yet'
28 verbose audit error   },
28 verbose audit error   pkgid: undefined
28 verbose audit error }
29 silly audit error [object Object]
30 silly audit report null
31 silly ADD node_modules/types-registry
32 verbose cwd C:\Users\20173\AppData\Local\Microsoft\TypeScript\5.9
33 verbose os Windows_NT 10.0.22631
34 verbose node v20.18.0
35 verbose npm  v10.8.2
36 verbose exit 0
37 info ok
38 error A complete log of this run can be found in: C:\Users\20173\Desktop\graduation design\person\.npm_cache\_logs\2026-03-28T03_04_47_201Z-debug-0.log
