0 verbose cli E:\node.js\node.js2\node.exe E:\node.js\node.js2\node_modules\npm\bin\npm-cli.js
1 info using npm@10.8.2
2 info using node@v20.18.0
3 silly config load:file:E:\node.js\node.js2\node_modules\npm\npmrc
4 silly config load:file:C:\Users\20173\Desktop\graduation design\person\.npmrc
5 silly config load:file:C:\Users\20173\.npmrc
6 silly config load:file:E:\node.js\node.js2\node_global\etc\npmrc
7 verbose title npm install uview-ui@2.0.36
8 verbose argv "install" "uview-ui@2.0.36"
9 verbose logfile logs-max:10 dir:C:\Users\20173\Desktop\graduation design\person\.npm_cache\_logs\2026-03-26T10_16_23_398Z-
10 verbose logfile C:\Users\20173\Desktop\graduation design\person\.npm_cache\_logs\2026-03-26T10_16_23_398Z-debug-0.log
11 silly packumentCache heap:2197815296 maxSize:549453824 maxEntrySize:274726912
12 silly logfile done cleaning log files
13 silly idealTree buildDeps
14 silly fetch manifest uview-ui@2.0.36
15 silly packumentCache full:https://registry.npmmirror.com/uview-ui cache-miss
16 http fetch GET 200 https://registry.npmmirror.com/uview-ui 195ms (cache revalidated)
17 silly packumentCache full:https://registry.npmmirror.com/uview-ui set size:217443 disposed:false
18 silly placeDep ROOT uview-ui@2.0.36 REPLACE for: person@1.0.0 want: 2.0.36
19 silly reify moves {}
20 silly audit bulk request { 'uview-ui': [ '2.0.36' ] }
21 http fetch POST 404 https://registry.npmmirror.com/-/npm/v1/security/advisories/bulk 37ms
22 silly audit bulk request failed [object Object]
23 http fetch POST 404 https://registry.npmmirror.com/-/npm/v1/security/audits/quick 36ms
24 verbose audit error HttpErrorGeneral: 404 Not Found - POST https://registry.npmmirror.com/-/npm/v1/security/audits/quick - [NOT_IMPLEMENTED] /-/npm/v1/security/* not implemented yet
24 verbose audit error     at E:\node.js\node.js2\node_modules\npm\node_modules\npm-registry-fetch\lib\check-response.js:95:15
24 verbose audit error     at process.processTicksAndRejections (node:internal/process/task_queues:95:5)
24 verbose audit error     at async [getReport] (E:\node.js\node.js2\node_modules\npm\node_modules\@npmcli\arborist\lib\audit-report.js:336:21)
24 verbose audit error     at async AuditReport.run (E:\node.js\node.js2\node_modules\npm\node_modules\@npmcli\arborist\lib\audit-report.js:106:19)
24 verbose audit error     at async Arborist.reify (E:\node.js\node.js2\node_modules\npm\node_modules\@npmcli\arborist\lib\arborist\reify.js:268:24)
24 verbose audit error     at async Install.exec (E:\node.js\node.js2\node_modules\npm\lib\commands\install.js:150:5)
24 verbose audit error     at async Npm.exec (E:\node.js\node.js2\node_modules\npm\lib\npm.js:207:9)
24 verbose audit error     at async module.exports (E:\node.js\node.js2\node_modules\npm\lib\cli\entry.js:74:5) {
24 verbose audit error   headers: [Object: null prototype] {
24 verbose audit error     server: [ 'Tengine' ],
24 verbose audit error     date: [ 'Thu, 26 Mar 2026 10:16:24 GMT' ],
24 verbose audit error     'content-type': [ 'application/json' ],
24 verbose audit error     'transfer-encoding': [ 'chunked' ],
24 verbose audit error     connection: [ 'keep-alive' ],
24 verbose audit error     'strict-transport-security': [ 'max-age=5184000' ],
24 verbose audit error     via: [ 'kunlun14.cn9081[,404666]' ],
24 verbose audit error     'timing-allow-origin': [ '*' ],
24 verbose audit error     eagleid: [ '249c5f5517745201845413500e' ],
24 verbose audit error     'x-fetch-attempts': [ '1' ]
24 verbose audit error   },
24 verbose audit error   statusCode: 404,
24 verbose audit error   code: 'E404',
24 verbose audit error   method: 'POST',
24 verbose audit error   uri: 'https://registry.npmmirror.com/-/npm/v1/security/audits/quick',
24 verbose audit error   body: {
24 verbose audit error     error: '[NOT_IMPLEMENTED] /-/npm/v1/security/* not implemented yet'
24 verbose audit error   },
24 verbose audit error   pkgid: undefined
24 verbose audit error }
25 silly audit error [object Object]
26 silly audit report null
27 verbose cwd C:\Users\20173\Desktop\graduation design\person
28 verbose os Windows_NT 10.0.22631
29 verbose node v20.18.0
30 verbose npm  v10.8.2
31 verbose exit 0
32 info ok
