0 verbose cli E:\node.js\node.js2\node.exe E:\node.js\node.js2\node_modules\npm\bin\npm-cli.js
1 info using npm@10.8.2
2 info using node@v20.18.0
3 silly config load:file:E:\node.js\node.js2\node_modules\npm\npmrc
4 silly config load:file:C:\Users\20173\AppData\Local\Microsoft\TypeScript\5.2\.npmrc
5 silly config load:file:C:\Users\20173\.npmrc
6 silly config load:file:E:\node.js\node.js2\node_global\etc\npmrc
7 verbose title npm install types-registry@latest
8 verbose argv "install" "--ignore-scripts" "types-registry@latest"
9 verbose logfile logs-max:10 dir:C:\Users\20173\Desktop\graduation design\person\.npm_cache\_logs\2026-04-04T01_36_37_984Z-
10 verbose logfile C:\Users\20173\Desktop\graduation design\person\.npm_cache\_logs\2026-04-04T01_36_37_984Z-debug-0.log
11 silly packumentCache heap:2197815296 maxSize:549453824 maxEntrySize:274726912
12 silly logfile start cleaning logs, removing 1 files
13 silly logfile done cleaning log files
14 silly packumentCache corgi:https://registry.npmmirror.com/types-registry cache-miss
15 http fetch GET 200 https://registry.npmmirror.com/types-registry 281ms (cache revalidated)
16 silly packumentCache corgi:https://registry.npmmirror.com/types-registry set size:456779 disposed:false
17 silly idealTree buildDeps
18 silly fetch manifest types-registry@0.1.763
19 silly packumentCache full:https://registry.npmmirror.com/types-registry cache-miss
20 http fetch GET 200 https://registry.npmmirror.com/types-registry 84ms (cache revalidated)
21 silly packumentCache full:https://registry.npmmirror.com/types-registry set size:1234989 disposed:false
22 silly placeDep ROOT types-registry@0.1.763 REPLACE for:  want: 0.1.763
23 silly reify moves {}
24 silly audit bulk request {
24 silly audit   '@types/node': [ '25.5.0' ],
24 silly audit   '@types/react': [ '19.2.14' ],
24 silly audit   csstype: [ '3.2.3' ],
24 silly audit   'undici-types': [ '7.18.2' ],
24 silly audit   'types-registry': [ '0.1.763' ]
24 silly audit }
25 http fetch POST 404 https://registry.npmmirror.com/-/npm/v1/security/advisories/bulk 149ms
26 silly audit bulk request failed [object Object]
27 http fetch GET 200 https://registry.npmmirror.com/npm 639ms
28 http fetch POST 404 https://registry.npmmirror.com/-/npm/v1/security/audits/quick 65ms
29 verbose audit error HttpErrorGeneral: 404 Not Found - POST https://registry.npmmirror.com/-/npm/v1/security/audits/quick - [NOT_IMPLEMENTED] /-/npm/v1/security/* not implemented yet
29 verbose audit error     at E:\node.js\node.js2\node_modules\npm\node_modules\npm-registry-fetch\lib\check-response.js:95:15
29 verbose audit error     at process.processTicksAndRejections (node:internal/process/task_queues:95:5)
29 verbose audit error     at async [getReport] (E:\node.js\node.js2\node_modules\npm\node_modules\@npmcli\arborist\lib\audit-report.js:336:21)
29 verbose audit error     at async AuditReport.run (E:\node.js\node.js2\node_modules\npm\node_modules\@npmcli\arborist\lib\audit-report.js:106:19)
29 verbose audit error     at async Arborist.reify (E:\node.js\node.js2\node_modules\npm\node_modules\@npmcli\arborist\lib\arborist\reify.js:268:24)
29 verbose audit error     at async Install.exec (E:\node.js\node.js2\node_modules\npm\lib\commands\install.js:150:5)
29 verbose audit error     at async Npm.exec (E:\node.js\node.js2\node_modules\npm\lib\npm.js:207:9)
29 verbose audit error     at async module.exports (E:\node.js\node.js2\node_modules\npm\lib\cli\entry.js:74:5) {
29 verbose audit error   headers: [Object: null prototype] {
29 verbose audit error     server: [ 'Tengine' ],
29 verbose audit error     date: [ 'Sat, 04 Apr 2026 01:36:50 GMT' ],
29 verbose audit error     'content-type': [ 'application/json' ],
29 verbose audit error     'transfer-encoding': [ 'chunked' ],
29 verbose audit error     connection: [ 'keep-alive' ],
29 verbose audit error     'strict-transport-security': [ 'max-age=5184000' ],
29 verbose audit error     via: [ 'kunlun7.cn7748[,404666]' ],
29 verbose audit error     'timing-allow-origin': [ '*' ],
29 verbose audit error     eagleid: [ '75bbbf1b17752666105865767e' ],
29 verbose audit error     'x-fetch-attempts': [ '1' ]
29 verbose audit error   },
29 verbose audit error   statusCode: 404,
29 verbose audit error   code: 'E404',
29 verbose audit error   method: 'POST',
29 verbose audit error   uri: 'https://registry.npmmirror.com/-/npm/v1/security/audits/quick',
29 verbose audit error   body: {
29 verbose audit error     error: '[NOT_IMPLEMENTED] /-/npm/v1/security/* not implemented yet'
29 verbose audit error   },
29 verbose audit error   pkgid: undefined
29 verbose audit error }
30 silly audit error [object Object]
31 silly audit report null
32 verbose cwd C:\Users\20173\AppData\Local\Microsoft\TypeScript\5.2
33 verbose os Windows_NT 10.0.26100
34 verbose node v20.18.0
35 verbose npm  v10.8.2
36 notice
36 notice New major version of npm available! 10.8.2 -> 11.12.1
36 notice Changelog: https://github.com/npm/cli/releases/tag/v11.12.1
36 notice To update run: npm install -g npm@11.12.1
36 notice  { force: true, [Symbol(proc-log.meta)]: true }
37 verbose exit 0
38 info ok
