0 verbose cli E:\HBuilderX.4.29.2024093009\HBuilderX\plugins\node\node.exe E:\HBuilderX.4.29.2024093009\HBuilderX\plugins\npm\node_modules\npm\bin\npm-cli.js
1 info using npm@10.5.0
2 info using node@v18.20.0
3 timing npm:load:whichnode Completed in 1ms
4 timing config:load:defaults Completed in 3ms
5 timing config:load:file:E:\HBuilderX.4.29.2024093009\HBuilderX\plugins\npm\node_modules\npm\npmrc Completed in 0ms
6 timing config:load:builtin Completed in 1ms
7 timing config:load:cli Completed in 1ms
8 timing config:load:env Completed in 1ms
9 timing config:load:file:C:\Users\20173\Desktop\graduation design\person\uni_modules\uni-id-common\uniCloud\cloudfunctions\common\uni-id-common\.npmrc Completed in 0ms
10 timing config:load:project Completed in 3ms
11 timing config:load:file:C:\Users\20173\.npmrc Completed in 1ms
12 timing config:load:user Completed in 1ms
13 timing config:load:file:E:\node.js\node.js2\node_global\etc\npmrc Completed in 0ms
14 timing config:load:global Completed in 0ms
15 timing config:load:setEnvs Completed in 1ms
16 timing config:load Completed in 12ms
17 timing npm:load:configload Completed in 12ms
18 timing config:load:flatten Completed in 2ms
19 timing npm:load:mkdirpcache Completed in 1ms
20 timing npm:load:mkdirplogs Completed in 0ms
21 verbose title npm ls
22 verbose argv "ls"
23 timing npm:load:setTitle Completed in 1ms
24 timing npm:load:display Completed in 1ms
25 verbose logfile logs-max:10 dir:C:\Users\20173\Desktop\graduation design\person\.npm_cache\_logs\2026-03-29T12_11_30_535Z-
26 verbose logfile C:\Users\20173\Desktop\graduation design\person\.npm_cache\_logs\2026-03-29T12_11_30_535Z-debug-0.log
27 timing npm:load:logFile Completed in 8ms
28 timing npm:load:timers Completed in 0ms
29 timing npm:load:configScope Completed in 0ms
30 timing npm:load Completed in 59ms
31 timing arborist:ctor Completed in 1ms
32 silly logfile start cleaning logs, removing 2 files
33 timing command:ls Completed in 201ms
34 verbose stack Error: missing: uni-config-center@file:../../../../../uni-config-center/uniCloud/cloudfunctions/common/uni-config-center, required by uni-id-common@1.0.19
34 verbose stack     at LS.exec (E:\HBuilderX.4.29.2024093009\HBuilderX\plugins\npm\node_modules\npm\lib\commands\ls.js:203:9)
34 verbose stack     at async module.exports (E:\HBuilderX.4.29.2024093009\HBuilderX\plugins\npm\node_modules\npm\lib\cli-entry.js:61:5)
35 verbose cwd C:\Users\20173\Desktop\graduation design\person\uni_modules\uni-id-common\uniCloud\cloudfunctions\common\uni-id-common
36 verbose Windows_NT 10.0.22631
37 verbose node v18.20.0
38 verbose npm  v10.5.0
39 error code ELSPROBLEMS
40 error missing: uni-config-center@file:../../../../../uni-config-center/uniCloud/cloudfunctions/common/uni-config-center, required by uni-id-common@1.0.19
41 verbose exit 1
42 timing npm Completed in 311ms
43 verbose code 1
44 error A complete log of this run can be found in: C:\Users\20173\Desktop\graduation design\person\.npm_cache\_logs\2026-03-29T12_11_30_535Z-debug-0.log
