0 verbose cli E:\node.js\node.js2\node.exe E:\node.js\node.js2\node_modules\npm\bin\npm-cli.js
1 info using npm@10.8.2
2 info using node@v20.18.0
3 silly config load:file:E:\node.js\node.js2\node_modules\npm\npmrc
4 silly config load:file:C:\Users\20173\AppData\Local\Microsoft\TypeScript\5.9\.npmrc
5 silly config load:file:C:\Users\20173\.npmrc
6 silly config load:file:E:\node.js\node.js2\node_global\etc\npmrc
7 verbose title npm install types-registry@latest
8 verbose argv "install" "--ignore-scripts" "types-registry@latest"
9 verbose logfile logs-max:10 dir:C:\Users\20173\Desktop\graduation design\person\.npm_cache\_logs\2026-03-29T06_44_02_654Z-
10 verbose logfile C:\Users\20173\Desktop\graduation design\person\.npm_cache\_logs\2026-03-29T06_44_02_654Z-debug-0.log
11 silly packumentCache heap:2197815296 maxSize:549453824 maxEntrySize:274726912
12 silly logfile start cleaning logs, removing 1 files
13 silly logfile done cleaning log files
14 silly packumentCache corgi:https://registry.npmmirror.com/types-registry cache-miss
15 http fetch GET 200 https://registry.npmmirror.com/types-registry 254ms (cache updated)
16 silly packumentCache corgi:https://registry.npmmirror.com/types-registry set size:153882 disposed:false
17 silly idealTree buildDeps
18 silly fetch manifest types-registry@0.1.763
19 silly packumentCache full:https://registry.npmmirror.com/types-registry cache-miss
20 http fetch GET 200 https://registry.npmmirror.com/types-registry 126ms (cache updated)
21 silly packumentCache full:https://registry.npmmirror.com/types-registry set size:242133 disposed:false
22 silly placeDep ROOT types-registry@0.1.763 REPLACE for:  want: 0.1.763
23 silly reify mark retired [
23 silly reify   'C:\\Users\\20173\\AppData\\Local\\Microsoft\\TypeScript\\5.9\\node_modules\\types-registry'
23 silly reify ]
24 silly reify moves {
24 silly reify   'C:\\Users\\20173\\AppData\\Local\\Microsoft\\TypeScript\\5.9\\node_modules\\types-registry': 'C:\\Users\\20173\\AppData\\Local\\Microsoft\\TypeScript\\5.9\\node_modules\\.types-registry-l9Udf1R5'
24 silly reify }
25 silly audit bulk request {
25 silly audit   '@types/react': [ '19.2.14' ],
25 silly audit   csstype: [ '3.2.3' ],
25 silly audit   'types-registry': [ '0.1.763' ]
25 silly audit }
26 silly tarball no local data for types-registry@https://registry.npmmirror.com/types-registry/-/types-registry-0.1.763.tgz. Extracting by manifest.
27 http fetch POST 404 https://registry.npmmirror.com/-/npm/v1/security/advisories/bulk 16ms
28 silly audit bulk request failed [object Object]
29 http fetch POST 404 https://registry.npmmirror.com/-/npm/v1/security/audits/quick 12ms
30 verbose audit error HttpErrorGeneral: 404 Not Found - POST https://registry.npmmirror.com/-/npm/v1/security/audits/quick - [NOT_IMPLEMENTED] /-/npm/v1/security/* not implemented yet
30 verbose audit error     at E:\node.js\node.js2\node_modules\npm\node_modules\npm-registry-fetch\lib\check-response.js:95:15
30 verbose audit error     at process.processTicksAndRejections (node:internal/process/task_queues:95:5)
30 verbose audit error     at async [getReport] (E:\node.js\node.js2\node_modules\npm\node_modules\@npmcli\arborist\lib\audit-report.js:336:21)
30 verbose audit error     at async AuditReport.run (E:\node.js\node.js2\node_modules\npm\node_modules\@npmcli\arborist\lib\audit-report.js:106:19) {
30 verbose audit error   headers: [Object: null prototype] {
30 verbose audit error     server: [ 'Tengine' ],
30 verbose audit error     date: [ 'Sun, 29 Mar 2026 06:44:17 GMT' ],
30 verbose audit error     'content-type': [ 'application/json' ],
30 verbose audit error     'transfer-encoding': [ 'chunked' ],
30 verbose audit error     connection: [ 'keep-alive' ],
30 verbose audit error     'strict-transport-security': [ 'max-age=5184000' ],
30 verbose audit error     via: [ 'kunlun5.cn7728[,404666]' ],
30 verbose audit error     'timing-allow-origin': [ '*' ],
30 verbose audit error     eagleid: [ '7030a38d17747666575347079e' ],
30 verbose audit error     'x-fetch-attempts': [ '1' ]
30 verbose audit error   },
30 verbose audit error   statusCode: 404,
30 verbose audit error   code: 'E404',
30 verbose audit error   method: 'POST',
30 verbose audit error   uri: 'https://registry.npmmirror.com/-/npm/v1/security/audits/quick',
30 verbose audit error   body: {
30 verbose audit error     error: '[NOT_IMPLEMENTED] /-/npm/v1/security/* not implemented yet'
30 verbose audit error   },
30 verbose audit error   pkgid: undefined
30 verbose audit error }
31 silly audit error [object Object]
32 silly audit report null
33 http fetch GET 200 https://cdn.npmmirror.com/packages/types-registry/0.1.763/types-registry-0.1.763.tgz 307ms (cache miss)
34 silly CHANGE node_modules/types-registry
35 verbose cwd C:\Users\20173\AppData\Local\Microsoft\TypeScript\5.9
36 verbose os Windows_NT 10.0.22631
37 verbose node v20.18.0
38 verbose npm  v10.8.2
39 verbose exit 0
40 info ok
