0 verbose cli E:\node.js\node.js2\node.exe E:\node.js\node.js2\node_modules\npm\bin\npm-cli.js
1 info using npm@10.8.2
2 info using node@v20.18.0
3 silly config load:file:E:\node.js\node.js2\node_modules\npm\npmrc
4 silly config load:file:C:\Users\20173\AppData\Local\Microsoft\TypeScript\6.0\.npmrc
5 silly config load:file:C:\Users\20173\.npmrc
6 silly config load:file:E:\node.js\node.js2\node_global\etc\npmrc
7 verbose title npm install @types/react@ts6.0
8 verbose argv "install" "--ignore-scripts" "@types/react@ts6.0" "--save-dev" "--user-agent" "typesInstaller/6.0.2"
9 verbose logfile logs-max:10 dir:C:\Users\20173\Desktop\graduation design\person\.npm_cache\_logs\2026-04-09T07_09_39_483Z-
10 verbose logfile C:\Users\20173\Desktop\graduation design\person\.npm_cache\_logs\2026-04-09T07_09_39_483Z-debug-0.log
11 silly packumentCache heap:2197815296 maxSize:549453824 maxEntrySize:274726912
12 silly logfile start cleaning logs, removing 1 files
13 silly logfile done cleaning log files
14 silly packumentCache corgi:https://registry.npmmirror.com/@types%2freact cache-miss
15 http fetch GET 200 https://registry.npmmirror.com/@types%2freact 33ms (cache hit)
16 silly packumentCache corgi:https://registry.npmmirror.com/@types%2freact set size:510699 disposed:false
17 silly idealTree buildDeps
18 silly fetch manifest @types/react@19.2.14
19 silly packumentCache full:https://registry.npmmirror.com/@types%2freact cache-miss
20 http fetch GET 200 https://registry.npmmirror.com/@types%2freact 20ms (cache hit)
21 silly packumentCache full:https://registry.npmmirror.com/@types%2freact set size:2437428 disposed:false
22 silly placeDep ROOT @types/react@19.2.14 OK for:  want: 19.2.14
23 silly fetch manifest csstype@^3.2.2
24 silly packumentCache full:https://registry.npmmirror.com/csstype cache-miss
25 http fetch GET 200 https://registry.npmmirror.com/csstype 127ms (cache revalidated)
26 silly packumentCache full:https://registry.npmmirror.com/csstype set size:227919 disposed:false
27 silly placeDep ROOT csstype@3.2.3 OK for: @types/react@19.2.14 want: ^3.2.2
28 silly reify moves {}
29 silly audit bulk request {
29 silly audit   'types-registry': [ '0.1.764' ],
29 silly audit   '@types/react': [ '19.2.14' ],
29 silly audit   csstype: [ '3.2.3' ]
29 silly audit }
30 http fetch POST 404 https://registry.npmmirror.com/-/npm/v1/security/advisories/bulk 17ms
31 silly audit bulk request failed [object Object]
32 http fetch POST 404 https://registry.npmmirror.com/-/npm/v1/security/audits/quick 18ms
33 verbose audit error HttpErrorGeneral: 404 Not Found - POST https://registry.npmmirror.com/-/npm/v1/security/audits/quick - [NOT_IMPLEMENTED] /-/npm/v1/security/* not implemented yet
33 verbose audit error     at E:\node.js\node.js2\node_modules\npm\node_modules\npm-registry-fetch\lib\check-response.js:95:15
33 verbose audit error     at process.processTicksAndRejections (node:internal/process/task_queues:95:5)
33 verbose audit error     at async [getReport] (E:\node.js\node.js2\node_modules\npm\node_modules\@npmcli\arborist\lib\audit-report.js:336:21)
33 verbose audit error     at async AuditReport.run (E:\node.js\node.js2\node_modules\npm\node_modules\@npmcli\arborist\lib\audit-report.js:106:19) {
33 verbose audit error   headers: [Object: null prototype] {
33 verbose audit error     server: [ 'Tengine' ],
33 verbose audit error     date: [ 'Thu, 09 Apr 2026 07:09:40 GMT' ],
33 verbose audit error     'content-type': [ 'application/json' ],
33 verbose audit error     'transfer-encoding': [ 'chunked' ],
33 verbose audit error     connection: [ 'keep-alive' ],
33 verbose audit error     'strict-transport-security': [ 'max-age=5184000' ],
33 verbose audit error     via: [ 'kunlun8.cn7728[,404666]' ],
33 verbose audit error     'timing-allow-origin': [ '*' ],
33 verbose audit error     eagleid: [ '7030a39017757185803706414e' ],
33 verbose audit error     'x-fetch-attempts': [ '1' ]
33 verbose audit error   },
33 verbose audit error   statusCode: 404,
33 verbose audit error   code: 'E404',
33 verbose audit error   method: 'POST',
33 verbose audit error   uri: 'https://registry.npmmirror.com/-/npm/v1/security/audits/quick',
33 verbose audit error   body: {
33 verbose audit error     error: '[NOT_IMPLEMENTED] /-/npm/v1/security/* not implemented yet'
33 verbose audit error   },
33 verbose audit error   pkgid: undefined
33 verbose audit error }
34 silly audit error [object Object]
35 silly audit report null
36 silly ADD node_modules/csstype
37 silly ADD node_modules/@types/react
38 verbose cwd C:\Users\20173\AppData\Local\Microsoft\TypeScript\6.0
39 verbose os Windows_NT 10.0.26200
40 verbose node v20.18.0
41 verbose npm  v10.8.2
42 verbose exit 0
43 info ok
